2022-12-31 18:11:41.680  INFO 16684 --- [main] c.example.SpringBootWebTestApplication   : Starting SpringBootWebTestApplication using Java 1.8.0_102 on LAPTOP-FLECIDD8 with PID 16684 (D:\JavaSE\SpringBoot\SpringBootWebTest\target\classes started by 鎭壓 in D:\JavaSE\SpringBoot\SpringBootWebTest)
2022-12-31 18:11:41.682  INFO 16684 --- [main] c.example.SpringBootWebTestApplication   : No active profile set, falling back to 1 default profile: "default"
2022-12-31 18:11:42.418  INFO 16684 --- [main] o.s.b.w.embedded.tomcat.TomcatWebServer  : Tomcat initialized with port(s): 8080 (http)
2022-12-31 18:11:42.425  INFO 16684 --- [main] o.apache.catalina.core.StandardService   : Starting service [Tomcat]
2022-12-31 18:11:42.426  INFO 16684 --- [main] org.apache.catalina.core.StandardEngine  : Starting Servlet engine: [Apache Tomcat/9.0.70]
2022-12-31 18:11:42.524  INFO 16684 --- [main] o.a.c.c.C.[Tomcat].[localhost].[/]       : Initializing Spring embedded WebApplicationContext
2022-12-31 18:11:42.524  INFO 16684 --- [main] w.s.c.ServletWebServerApplicationContext : Root WebApplicationContext: initialization completed in 787 ms
2022-12-31 18:11:42.750  INFO 16684 --- [main] o.s.s.web.DefaultSecurityFilterChain     : Will secure any request with [org.springframework.security.web.session.DisableEncodeUrlFilter@108adc8, org.springframework.security.web.context.request.async.WebAsyncManagerIntegrationFilter@a98f38, org.springframework.security.web.context.SecurityContextPersistenceFilter@3da41e, org.springframework.security.web.header.HeaderWriterFilter@96c165, org.springframework.security.web.csrf.CsrfFilter@b042da, org.springframework.security.web.authentication.logout.LogoutFilter@cb4f50, org.springframework.security.web.authentication.UsernamePasswordAuthenticationFilter@b71ceb, org.springframework.security.web.savedrequest.RequestCacheAwareFilter@9f9b0, org.springframework.security.web.servletapi.SecurityContextHolderAwareRequestFilter@1d3d05e, org.springframework.security.web.authentication.rememberme.RememberMeAuthenticationFilter@46dcbe, org.springframework.security.web.authentication.AnonymousAuthenticationFilter@11bf, org.springframework.security.web.session.SessionManagementFilter@3d65c, org.springframework.security.web.access.ExceptionTranslationFilter@40651f, org.springframework.security.web.access.intercept.AuthorizationFilter@12e6fd9]
2022-12-31 18:11:42.859  INFO 16684 --- [main] o.s.b.a.w.s.WelcomePageHandlerMapping    : Adding welcome page template: index
2022-12-31 18:11:43.015  INFO 16684 --- [main] o.s.b.w.embedded.tomcat.TomcatWebServer  : Tomcat started on port(s): 8080 (http) with context path ''
2022-12-31 18:11:43.021  INFO 16684 --- [main] c.example.SpringBootWebTestApplication   : Started SpringBootWebTestApplication in 1.694 seconds (JVM running for 3.252)
2022-12-31 18:11:43.383  INFO 16684 --- [http-nio-8080-exec-2] o.a.c.c.C.[Tomcat].[localhost].[/]       : Initializing Spring DispatcherServlet 'dispatcherServlet'
2022-12-31 18:11:43.383  INFO 16684 --- [http-nio-8080-exec-2] o.s.web.servlet.DispatcherServlet        : Initializing Servlet 'dispatcherServlet'
2022-12-31 18:11:43.383  INFO 16684 --- [http-nio-8080-exec-2] o.s.web.servlet.DispatcherServlet        : Completed initialization in 0 ms
2022-12-31 18:11:43.459  INFO 16684 --- [http-nio-8080-exec-3] com.example.controller.MainController    : 有人访问了登录页面
2022-12-31 18:22:20.408  INFO 18072 --- [main] c.example.SpringBootWebTestApplication   : Starting SpringBootWebTestApplication using Java 1.8.0_102 on LAPTOP-FLECIDD8 with PID 18072 (D:\JavaSE\SpringBoot\SpringBootWebTest\target\classes started by 鎭壓 in D:\JavaSE\SpringBoot\SpringBootWebTest)
2022-12-31 18:22:20.411  INFO 18072 --- [main] c.example.SpringBootWebTestApplication   : No active profile set, falling back to 1 default profile: "default"
2022-12-31 18:22:21.189  INFO 18072 --- [main] o.s.b.w.embedded.tomcat.TomcatWebServer  : Tomcat initialized with port(s): 8080 (http)
2022-12-31 18:22:21.199  INFO 18072 --- [main] o.apache.catalina.core.StandardService   : Starting service [Tomcat]
2022-12-31 18:22:21.199  INFO 18072 --- [main] org.apache.catalina.core.StandardEngine  : Starting Servlet engine: [Apache Tomcat/9.0.70]
2022-12-31 18:22:21.292  INFO 18072 --- [main] o.a.c.c.C.[Tomcat].[localhost].[/]       : Initializing Spring embedded WebApplicationContext
2022-12-31 18:22:21.292  INFO 18072 --- [main] w.s.c.ServletWebServerApplicationContext : Root WebApplicationContext: initialization completed in 819 ms
2022-12-31 18:22:21.529  INFO 18072 --- [main] o.s.s.web.DefaultSecurityFilterChain     : Will secure any request with [org.springframework.security.web.session.DisableEncodeUrlFilter@1ffaeb8, org.springframework.security.web.context.request.async.WebAsyncManagerIntegrationFilter@1f0c2d1, org.springframework.security.web.context.SecurityContextPersistenceFilter@b45fec, org.springframework.security.web.header.HeaderWriterFilter@8c7c4b, org.springframework.security.web.csrf.CsrfFilter@1fa56fa, org.springframework.security.web.authentication.logout.LogoutFilter@15183ec, org.springframework.security.web.authentication.UsernamePasswordAuthenticationFilter@46dcbe, org.springframework.security.web.savedrequest.RequestCacheAwareFilter@1d3d05e, org.springframework.security.web.servletapi.SecurityContextHolderAwareRequestFilter@19cfcca, org.springframework.security.web.authentication.rememberme.RememberMeAuthenticationFilter@1d9b06c, org.springframework.security.web.authentication.AnonymousAuthenticationFilter@1b65013, org.springframework.security.web.session.SessionManagementFilter@d951e7, org.springframework.security.web.access.ExceptionTranslationFilter@1a8313b, org.springframework.security.web.access.intercept.AuthorizationFilter@10e5507]
2022-12-31 18:22:21.642  INFO 18072 --- [main] o.s.b.a.w.s.WelcomePageHandlerMapping    : Adding welcome page template: index
2022-12-31 18:22:21.787  INFO 18072 --- [main] o.s.b.w.embedded.tomcat.TomcatWebServer  : Tomcat started on port(s): 8080 (http) with context path ''
2022-12-31 18:22:21.794  INFO 18072 --- [main] c.example.SpringBootWebTestApplication   : Started SpringBootWebTestApplication in 1.74 seconds (JVM running for 3.378)
2022-12-31 18:22:22.044  INFO 18072 --- [http-nio-8080-exec-2] o.a.c.c.C.[Tomcat].[localhost].[/]       : Initializing Spring DispatcherServlet 'dispatcherServlet'
2022-12-31 18:22:22.044  INFO 18072 --- [http-nio-8080-exec-2] o.s.web.servlet.DispatcherServlet        : Initializing Servlet 'dispatcherServlet'
2022-12-31 18:22:22.045  INFO 18072 --- [http-nio-8080-exec-2] o.s.web.servlet.DispatcherServlet        : Completed initialization in 1 ms
2022-12-31 18:22:22.121  INFO 18072 --- [http-nio-8080-exec-3] com.example.controller.MainController    : 有人访问了登录页面
2022-12-31 18:26:09.649  INFO 3296 --- [main] c.example.SpringBootWebTestApplication   : Starting SpringBootWebTestApplication using Java 1.8.0_102 on LAPTOP-FLECIDD8 with PID 3296 (D:\JavaSE\SpringBoot\SpringBootWebTest\target\classes started by 鎭壓 in D:\JavaSE\SpringBoot\SpringBootWebTest)
2022-12-31 18:26:09.653  INFO 3296 --- [main] c.example.SpringBootWebTestApplication   : No active profile set, falling back to 1 default profile: "default"
2022-12-31 18:26:10.419  INFO 3296 --- [main] o.s.b.w.embedded.tomcat.TomcatWebServer  : Tomcat initialized with port(s): 8080 (http)
2022-12-31 18:26:10.428  INFO 3296 --- [main] o.apache.catalina.core.StandardService   : Starting service [Tomcat]
2022-12-31 18:26:10.428  INFO 3296 --- [main] org.apache.catalina.core.StandardEngine  : Starting Servlet engine: [Apache Tomcat/9.0.70]
2022-12-31 18:26:10.521  INFO 3296 --- [main] o.a.c.c.C.[Tomcat].[localhost].[/]       : Initializing Spring embedded WebApplicationContext
2022-12-31 18:26:10.522  INFO 3296 --- [main] w.s.c.ServletWebServerApplicationContext : Root WebApplicationContext: initialization completed in 817 ms
2022-12-31 18:26:10.758  INFO 3296 --- [main] o.s.s.web.DefaultSecurityFilterChain     : Will secure any request with [org.springframework.security.web.session.DisableEncodeUrlFilter@1d8cfe7, org.springframework.security.web.context.request.async.WebAsyncManagerIntegrationFilter@530163, org.springframework.security.web.context.SecurityContextPersistenceFilter@15183ec, org.springframework.security.web.header.HeaderWriterFilter@1a5c7db, org.springframework.security.web.csrf.CsrfFilter@11febf3, org.springframework.security.web.authentication.logout.LogoutFilter@5c616f, org.springframework.security.web.authentication.UsernamePasswordAuthenticationFilter@ffd1de, org.springframework.security.web.savedrequest.RequestCacheAwareFilter@12e6fd9, org.springframework.security.web.servletapi.SecurityContextHolderAwareRequestFilter@10e5507, org.springframework.security.web.authentication.rememberme.RememberMeAuthenticationFilter@1fcffb5, org.springframework.security.web.authentication.AnonymousAuthenticationFilter@d8444b, org.springframework.security.web.session.SessionManagementFilter@f878a0, org.springframework.security.web.access.ExceptionTranslationFilter@10753c9, org.springframework.security.web.access.intercept.AuthorizationFilter@1985a86]
2022-12-31 18:26:10.874  INFO 3296 --- [main] o.s.b.a.w.s.WelcomePageHandlerMapping    : Adding welcome page template: index
2022-12-31 18:26:11.026  INFO 3296 --- [main] o.s.b.w.embedded.tomcat.TomcatWebServer  : Tomcat started on port(s): 8080 (http) with context path ''
2022-12-31 18:26:11.032  INFO 3296 --- [main] c.example.SpringBootWebTestApplication   : Started SpringBootWebTestApplication in 1.728 seconds (JVM running for 3.25)
2022-12-31 18:26:11.432  INFO 3296 --- [http-nio-8080-exec-2] o.a.c.c.C.[Tomcat].[localhost].[/]       : Initializing Spring DispatcherServlet 'dispatcherServlet'
2022-12-31 18:26:11.432  INFO 3296 --- [http-nio-8080-exec-2] o.s.web.servlet.DispatcherServlet        : Initializing Servlet 'dispatcherServlet'
2022-12-31 18:26:11.433  INFO 3296 --- [http-nio-8080-exec-2] o.s.web.servlet.DispatcherServlet        : Completed initialization in 1 ms
2022-12-31 18:26:11.506  INFO 3296 --- [http-nio-8080-exec-3] com.example.controller.MainController    : 有人访问了登录页面
2022-12-31 18:31:07.473  INFO 6696 --- [main] c.example.SpringBootWebTestApplication   : Starting SpringBootWebTestApplication using Java 1.8.0_102 on LAPTOP-FLECIDD8 with PID 6696 (D:\JavaSE\SpringBoot\SpringBootWebTest\target\classes started by 鎭壓 in D:\JavaSE\SpringBoot\SpringBootWebTest)
2022-12-31 18:31:07.479  INFO 6696 --- [main] c.example.SpringBootWebTestApplication   : No active profile set, falling back to 1 default profile: "default"
2022-12-31 18:31:08.338  INFO 6696 --- [main] o.s.b.w.embedded.tomcat.TomcatWebServer  : Tomcat initialized with port(s): 8080 (http)
2022-12-31 18:31:08.349  INFO 6696 --- [main] o.apache.catalina.core.StandardService   : Starting service [Tomcat]
2022-12-31 18:31:08.349  INFO 6696 --- [main] org.apache.catalina.core.StandardEngine  : Starting Servlet engine: [Apache Tomcat/9.0.70]
2022-12-31 18:31:08.469  INFO 6696 --- [main] o.a.c.c.C.[Tomcat].[localhost].[/]       : Initializing Spring embedded WebApplicationContext
2022-12-31 18:31:08.470  INFO 6696 --- [main] w.s.c.ServletWebServerApplicationContext : Root WebApplicationContext: initialization completed in 932 ms
2022-12-31 18:31:08.735  INFO 6696 --- [main] o.s.s.web.DefaultSecurityFilterChain     : Will secure any request with [org.springframework.security.web.session.DisableEncodeUrlFilter@1d8cfe7, org.springframework.security.web.context.request.async.WebAsyncManagerIntegrationFilter@530163, org.springframework.security.web.context.SecurityContextPersistenceFilter@15183ec, org.springframework.security.web.header.HeaderWriterFilter@1a5c7db, org.springframework.security.web.csrf.CsrfFilter@11febf3, org.springframework.security.web.authentication.logout.LogoutFilter@5c616f, org.springframework.security.web.authentication.UsernamePasswordAuthenticationFilter@ffd1de, org.springframework.security.web.savedrequest.RequestCacheAwareFilter@12e6fd9, org.springframework.security.web.servletapi.SecurityContextHolderAwareRequestFilter@10e5507, org.springframework.security.web.authentication.rememberme.RememberMeAuthenticationFilter@1fcffb5, org.springframework.security.web.authentication.AnonymousAuthenticationFilter@d8444b, org.springframework.security.web.session.SessionManagementFilter@f878a0, org.springframework.security.web.access.ExceptionTranslationFilter@10753c9, org.springframework.security.web.access.intercept.AuthorizationFilter@1985a86]
2022-12-31 18:31:08.857  INFO 6696 --- [main] o.s.b.a.w.s.WelcomePageHandlerMapping    : Adding welcome page template: index
2022-12-31 18:31:09.020  INFO 6696 --- [main] o.s.b.w.embedded.tomcat.TomcatWebServer  : Tomcat started on port(s): 8080 (http) with context path ''
2022-12-31 18:31:09.027  INFO 6696 --- [main] c.example.SpringBootWebTestApplication   : Started SpringBootWebTestApplication in 2.023 seconds (JVM running for 3.79)
2022-12-31 18:31:09.348  INFO 6696 --- [http-nio-8080-exec-2] o.a.c.c.C.[Tomcat].[localhost].[/]       : Initializing Spring DispatcherServlet 'dispatcherServlet'
2022-12-31 18:31:09.348  INFO 6696 --- [http-nio-8080-exec-2] o.s.web.servlet.DispatcherServlet        : Initializing Servlet 'dispatcherServlet'
2022-12-31 18:31:09.349  INFO 6696 --- [http-nio-8080-exec-2] o.s.web.servlet.DispatcherServlet        : Completed initialization in 1 ms
2022-12-31 18:31:09.423  INFO 6696 --- [http-nio-8080-exec-6] com.example.controller.MainController    : 有人访问了登录页面
2022-12-31 18:31:44.126  INFO 15536 --- [main] c.example.SpringBootWebTestApplication   : Starting SpringBootWebTestApplication using Java 1.8.0_102 on LAPTOP-FLECIDD8 with PID 15536 (D:\JavaSE\SpringBoot\SpringBootWebTest\target\classes started by 鎭壓 in D:\JavaSE\SpringBoot\SpringBootWebTest)
2022-12-31 18:31:44.130  INFO 15536 --- [main] c.example.SpringBootWebTestApplication   : No active profile set, falling back to 1 default profile: "default"
2022-12-31 18:31:45.050  INFO 15536 --- [main] o.s.b.w.embedded.tomcat.TomcatWebServer  : Tomcat initialized with port(s): 8080 (http)
2022-12-31 18:31:45.061  INFO 15536 --- [main] o.apache.catalina.core.StandardService   : Starting service [Tomcat]
2022-12-31 18:31:45.061  INFO 15536 --- [main] org.apache.catalina.core.StandardEngine  : Starting Servlet engine: [Apache Tomcat/9.0.70]
2022-12-31 18:31:45.170  INFO 15536 --- [main] o.a.c.c.C.[Tomcat].[localhost].[/]       : Initializing Spring embedded WebApplicationContext
2022-12-31 18:31:45.170  INFO 15536 --- [main] w.s.c.ServletWebServerApplicationContext : Root WebApplicationContext: initialization completed in 983 ms
2022-12-31 18:31:45.458  INFO 15536 --- [main] o.s.s.web.DefaultSecurityFilterChain     : Will secure any request with [org.springframework.security.web.session.DisableEncodeUrlFilter@1d8cfe7, org.springframework.security.web.context.request.async.WebAsyncManagerIntegrationFilter@530163, org.springframework.security.web.context.SecurityContextPersistenceFilter@15183ec, org.springframework.security.web.header.HeaderWriterFilter@1a5c7db, org.springframework.security.web.csrf.CsrfFilter@11febf3, org.springframework.security.web.authentication.logout.LogoutFilter@5c616f, org.springframework.security.web.authentication.UsernamePasswordAuthenticationFilter@ffd1de, org.springframework.security.web.savedrequest.RequestCacheAwareFilter@12e6fd9, org.springframework.security.web.servletapi.SecurityContextHolderAwareRequestFilter@10e5507, org.springframework.security.web.authentication.rememberme.RememberMeAuthenticationFilter@1fcffb5, org.springframework.security.web.authentication.AnonymousAuthenticationFilter@d8444b, org.springframework.security.web.session.SessionManagementFilter@f878a0, org.springframework.security.web.access.ExceptionTranslationFilter@10753c9, org.springframework.security.web.access.intercept.AuthorizationFilter@1985a86]
2022-12-31 18:31:45.586  INFO 15536 --- [main] o.s.b.a.w.s.WelcomePageHandlerMapping    : Adding welcome page template: index
2022-12-31 18:31:45.767  INFO 15536 --- [main] o.s.b.w.embedded.tomcat.TomcatWebServer  : Tomcat started on port(s): 8080 (http) with context path ''
2022-12-31 18:31:45.777  INFO 15536 --- [main] c.example.SpringBootWebTestApplication   : Started SpringBootWebTestApplication in 2.077 seconds (JVM running for 3.856)
2022-12-31 18:31:46.043  INFO 15536 --- [http-nio-8080-exec-2] o.a.c.c.C.[Tomcat].[localhost].[/]       : Initializing Spring DispatcherServlet 'dispatcherServlet'
2022-12-31 18:31:46.043  INFO 15536 --- [http-nio-8080-exec-2] o.s.web.servlet.DispatcherServlet        : Initializing Servlet 'dispatcherServlet'
2022-12-31 18:31:46.044  INFO 15536 --- [http-nio-8080-exec-2] o.s.web.servlet.DispatcherServlet        : Completed initialization in 1 ms
2022-12-31 18:31:46.126  INFO 15536 --- [http-nio-8080-exec-7] com.example.controller.MainController    : 有人访问了登录页面
2022-12-31 18:32:38.068  INFO 15308 --- [main] c.example.SpringBootWebTestApplication   : Starting SpringBootWebTestApplication using Java 1.8.0_102 on LAPTOP-FLECIDD8 with PID 15308 (D:\JavaSE\SpringBoot\SpringBootWebTest\target\classes started by 鎭壓 in D:\JavaSE\SpringBoot\SpringBootWebTest)
2022-12-31 18:32:38.070  INFO 15308 --- [main] c.example.SpringBootWebTestApplication   : No active profile set, falling back to 1 default profile: "default"
2022-12-31 18:32:38.837  INFO 15308 --- [main] o.s.b.w.embedded.tomcat.TomcatWebServer  : Tomcat initialized with port(s): 8080 (http)
2022-12-31 18:32:38.843  INFO 15308 --- [main] o.apache.catalina.core.StandardService   : Starting service [Tomcat]
2022-12-31 18:32:38.843  INFO 15308 --- [main] org.apache.catalina.core.StandardEngine  : Starting Servlet engine: [Apache Tomcat/9.0.70]
2022-12-31 18:32:38.938  INFO 15308 --- [main] o.a.c.c.C.[Tomcat].[localhost].[/]       : Initializing Spring embedded WebApplicationContext
2022-12-31 18:32:38.938  INFO 15308 --- [main] w.s.c.ServletWebServerApplicationContext : Root WebApplicationContext: initialization completed in 809 ms
2022-12-31 18:32:39.175  INFO 15308 --- [main] o.s.s.web.DefaultSecurityFilterChain     : Will secure any request with [org.springframework.security.web.session.DisableEncodeUrlFilter@9d3c67, org.springframework.security.web.context.request.async.WebAsyncManagerIntegrationFilter@806c8b, org.springframework.security.web.context.SecurityContextPersistenceFilter@1a5c7db, org.springframework.security.web.header.HeaderWriterFilter@10753c9, org.springframework.security.web.csrf.CsrfFilter@9f9b0, org.springframework.security.web.authentication.logout.LogoutFilter@1bcfe81, org.springframework.security.web.authentication.UsernamePasswordAuthenticationFilter@a93621, org.springframework.security.web.savedrequest.RequestCacheAwareFilter@f878a0, org.springframework.security.web.servletapi.SecurityContextHolderAwareRequestFilter@15eae0f, org.springframework.security.web.authentication.rememberme.RememberMeAuthenticationFilter@1278b4d, org.springframework.security.web.authentication.AnonymousAuthenticationFilter@1fcffb5, org.springframework.security.web.session.SessionManagementFilter@19bb3b4, org.springframework.security.web.access.ExceptionTranslationFilter@cfb656, org.springframework.security.web.access.intercept.AuthorizationFilter@6b2dd9]
2022-12-31 18:32:39.287  INFO 15308 --- [main] o.s.b.a.w.s.WelcomePageHandlerMapping    : Adding welcome page template: index
2022-12-31 18:32:39.429  INFO 15308 --- [main] o.s.b.w.embedded.tomcat.TomcatWebServer  : Tomcat started on port(s): 8080 (http) with context path ''
2022-12-31 18:32:39.435  INFO 15308 --- [main] c.example.SpringBootWebTestApplication   : Started SpringBootWebTestApplication in 1.742 seconds (JVM running for 3.302)
2022-12-31 18:32:39.725  INFO 15308 --- [http-nio-8080-exec-2] o.a.c.c.C.[Tomcat].[localhost].[/]       : Initializing Spring DispatcherServlet 'dispatcherServlet'
2022-12-31 18:32:39.725  INFO 15308 --- [http-nio-8080-exec-2] o.s.web.servlet.DispatcherServlet        : Initializing Servlet 'dispatcherServlet'
2022-12-31 18:32:39.725  INFO 15308 --- [http-nio-8080-exec-2] o.s.web.servlet.DispatcherServlet        : Completed initialization in 0 ms
2022-12-31 18:32:39.766  INFO 15308 --- [http-nio-8080-exec-7] com.example.controller.MainController    : 有人访问了登录页面
2022-12-31 18:33:34.820  INFO 14272 --- [main] c.example.SpringBootWebTestApplication   : Starting SpringBootWebTestApplication using Java 1.8.0_102 on LAPTOP-FLECIDD8 with PID 14272 (D:\JavaSE\SpringBoot\SpringBootWebTest\target\classes started by 鎭壓 in D:\JavaSE\SpringBoot\SpringBootWebTest)
2022-12-31 18:33:34.826  INFO 14272 --- [main] c.example.SpringBootWebTestApplication   : No active profile set, falling back to 1 default profile: "default"
2022-12-31 18:33:35.634  INFO 14272 --- [main] o.s.b.w.embedded.tomcat.TomcatWebServer  : Tomcat initialized with port(s): 8080 (http)
2022-12-31 18:33:35.643  INFO 14272 --- [main] o.apache.catalina.core.StandardService   : Starting service [Tomcat]
2022-12-31 18:33:35.643  INFO 14272 --- [main] org.apache.catalina.core.StandardEngine  : Starting Servlet engine: [Apache Tomcat/9.0.70]
2022-12-31 18:33:35.748  INFO 14272 --- [main] o.a.c.c.C.[Tomcat].[localhost].[/]       : Initializing Spring embedded WebApplicationContext
2022-12-31 18:33:35.748  INFO 14272 --- [main] w.s.c.ServletWebServerApplicationContext : Root WebApplicationContext: initialization completed in 866 ms
2022-12-31 18:33:35.986  INFO 14272 --- [main] o.s.s.web.DefaultSecurityFilterChain     : Will secure any request with [org.springframework.security.web.session.DisableEncodeUrlFilter@9d3c67, org.springframework.security.web.context.request.async.WebAsyncManagerIntegrationFilter@806c8b, org.springframework.security.web.context.SecurityContextPersistenceFilter@1a5c7db, org.springframework.security.web.header.HeaderWriterFilter@10753c9, org.springframework.security.web.csrf.CsrfFilter@9f9b0, org.springframework.security.web.authentication.logout.LogoutFilter@1bcfe81, org.springframework.security.web.authentication.UsernamePasswordAuthenticationFilter@a93621, org.springframework.security.web.savedrequest.RequestCacheAwareFilter@f878a0, org.springframework.security.web.servletapi.SecurityContextHolderAwareRequestFilter@15eae0f, org.springframework.security.web.authentication.rememberme.RememberMeAuthenticationFilter@1278b4d, org.springframework.security.web.authentication.AnonymousAuthenticationFilter@1fcffb5, org.springframework.security.web.session.SessionManagementFilter@19bb3b4, org.springframework.security.web.access.ExceptionTranslationFilter@cfb656, org.springframework.security.web.access.intercept.AuthorizationFilter@6b2dd9]
2022-12-31 18:33:36.098  INFO 14272 --- [main] o.s.b.a.w.s.WelcomePageHandlerMapping    : Adding welcome page template: index
2022-12-31 18:33:36.241  INFO 14272 --- [main] o.s.b.w.embedded.tomcat.TomcatWebServer  : Tomcat started on port(s): 8080 (http) with context path ''
2022-12-31 18:33:36.247  INFO 14272 --- [main] c.example.SpringBootWebTestApplication   : Started SpringBootWebTestApplication in 1.823 seconds (JVM running for 3.534)
2022-12-31 18:33:36.789  INFO 14272 --- [http-nio-8080-exec-2] o.a.c.c.C.[Tomcat].[localhost].[/]       : Initializing Spring DispatcherServlet 'dispatcherServlet'
2022-12-31 18:33:36.789  INFO 14272 --- [http-nio-8080-exec-2] o.s.web.servlet.DispatcherServlet        : Initializing Servlet 'dispatcherServlet'
2022-12-31 18:33:36.790  INFO 14272 --- [http-nio-8080-exec-2] o.s.web.servlet.DispatcherServlet        : Completed initialization in 1 ms
2022-12-31 18:33:36.866  INFO 14272 --- [http-nio-8080-exec-3] com.example.controller.MainController    : 有人访问了登录页面
2022-12-31 18:34:20.485  INFO 11012 --- [main] c.example.SpringBootWebTestApplication   : Starting SpringBootWebTestApplication using Java 1.8.0_102 on LAPTOP-FLECIDD8 with PID 11012 (D:\JavaSE\SpringBoot\SpringBootWebTest\target\classes started by 鎭壓 in D:\JavaSE\SpringBoot\SpringBootWebTest)
2022-12-31 18:34:20.489  INFO 11012 --- [main] c.example.SpringBootWebTestApplication   : No active profile set, falling back to 1 default profile: "default"
2022-12-31 18:34:21.255  INFO 11012 --- [main] o.s.b.w.embedded.tomcat.TomcatWebServer  : Tomcat initialized with port(s): 8080 (http)
2022-12-31 18:34:21.264  INFO 11012 --- [main] o.apache.catalina.core.StandardService   : Starting service [Tomcat]
2022-12-31 18:34:21.265  INFO 11012 --- [main] org.apache.catalina.core.StandardEngine  : Starting Servlet engine: [Apache Tomcat/9.0.70]
2022-12-31 18:34:21.361  INFO 11012 --- [main] o.a.c.c.C.[Tomcat].[localhost].[/]       : Initializing Spring embedded WebApplicationContext
2022-12-31 18:34:21.362  INFO 11012 --- [main] w.s.c.ServletWebServerApplicationContext : Root WebApplicationContext: initialization completed in 821 ms
2022-12-31 18:34:21.595  INFO 11012 --- [main] o.s.s.web.DefaultSecurityFilterChain     : Will secure any request with [org.springframework.security.web.session.DisableEncodeUrlFilter@9d3c67, org.springframework.security.web.context.request.async.WebAsyncManagerIntegrationFilter@806c8b, org.springframework.security.web.context.SecurityContextPersistenceFilter@1a5c7db, org.springframework.security.web.header.HeaderWriterFilter@10753c9, org.springframework.security.web.csrf.CsrfFilter@9f9b0, org.springframework.security.web.authentication.logout.LogoutFilter@1bcfe81, org.springframework.security.web.authentication.UsernamePasswordAuthenticationFilter@a93621, org.springframework.security.web.savedrequest.RequestCacheAwareFilter@f878a0, org.springframework.security.web.servletapi.SecurityContextHolderAwareRequestFilter@15eae0f, org.springframework.security.web.authentication.rememberme.RememberMeAuthenticationFilter@1278b4d, org.springframework.security.web.authentication.AnonymousAuthenticationFilter@1fcffb5, org.springframework.security.web.session.SessionManagementFilter@19bb3b4, org.springframework.security.web.access.ExceptionTranslationFilter@cfb656, org.springframework.security.web.access.intercept.AuthorizationFilter@6b2dd9]
2022-12-31 18:34:21.697  INFO 11012 --- [main] o.s.b.a.w.s.WelcomePageHandlerMapping    : Adding welcome page template: index
2022-12-31 18:34:21.838  INFO 11012 --- [main] o.s.b.w.embedded.tomcat.TomcatWebServer  : Tomcat started on port(s): 8080 (http) with context path ''
2022-12-31 18:34:21.845  INFO 11012 --- [main] c.example.SpringBootWebTestApplication   : Started SpringBootWebTestApplication in 1.721 seconds (JVM running for 3.265)
2022-12-31 18:34:22.179  INFO 11012 --- [http-nio-8080-exec-2] o.a.c.c.C.[Tomcat].[localhost].[/]       : Initializing Spring DispatcherServlet 'dispatcherServlet'
2022-12-31 18:34:22.179  INFO 11012 --- [http-nio-8080-exec-2] o.s.web.servlet.DispatcherServlet        : Initializing Servlet 'dispatcherServlet'
2022-12-31 18:34:22.180  INFO 11012 --- [http-nio-8080-exec-2] o.s.web.servlet.DispatcherServlet        : Completed initialization in 1 ms
2022-12-31 18:34:22.253  INFO 11012 --- [http-nio-8080-exec-7] com.example.controller.MainController    : 有人访问了登录页面
