2023-01-01 12:46:53.017  INFO 2504 --- [main] c.example.SpringBootWebTestApplication   : Starting SpringBootWebTestApplication using Java 1.8.0_102 on LAPTOP-FLECIDD8 with PID 2504 (D:\JavaSE\SpringBoot\SpringBootWebTest\target\classes started by Èé≠Â£ì in D:\JavaSE\SpringBoot\SpringBootWebTest)
2023-01-01 12:46:53.018  INFO 2504 --- [main] c.example.SpringBootWebTestApplication   : The following 1 profile is active: "prod"
2023-01-01 12:46:53.860  INFO 2504 --- [main] o.s.b.w.embedded.tomcat.TomcatWebServer  : Tomcat initialized with port(s): 80 (http)
2023-01-01 12:46:53.867  INFO 2504 --- [main] o.apache.catalina.core.StandardService   : Starting service [Tomcat]
2023-01-01 12:46:53.868  INFO 2504 --- [main] org.apache.catalina.core.StandardEngine  : Starting Servlet engine: [Apache Tomcat/9.0.70]
2023-01-01 12:46:53.975  INFO 2504 --- [main] o.a.c.c.C.[Tomcat].[localhost].[/]       : Initializing Spring embedded WebApplicationContext
2023-01-01 12:46:53.975  INFO 2504 --- [main] w.s.c.ServletWebServerApplicationContext : Root WebApplicationContext: initialization completed in 895 ms
2023-01-01 12:46:54.232  INFO 2504 --- [main] o.s.s.web.DefaultSecurityFilterChain     : Will secure any request with [org.springframework.security.web.session.DisableEncodeUrlFilter@a49a5d, org.springframework.security.web.context.request.async.WebAsyncManagerIntegrationFilter@bca971, org.springframework.security.web.context.SecurityContextPersistenceFilter@12abdfb, org.springframework.security.web.header.HeaderWriterFilter@12e6fd9, org.springframework.security.web.csrf.CsrfFilter@19cfcca, org.springframework.security.web.authentication.logout.LogoutFilter@48a7f3, org.springframework.security.web.authentication.UsernamePasswordAuthenticationFilter@4fb68d, org.springframework.security.web.savedrequest.RequestCacheAwareFilter@1be50c9, org.springframework.security.web.servletapi.SecurityContextHolderAwareRequestFilter@11bf, org.springframework.security.web.authentication.rememberme.RememberMeAuthenticationFilter@d63dbb, org.springframework.security.web.authentication.AnonymousAuthenticationFilter@1706db8, org.springframework.security.web.session.SessionManagementFilter@b71ceb, org.springframework.security.web.access.ExceptionTranslationFilter@f878a0, org.springframework.security.web.access.intercept.AuthorizationFilter@806c8b]
2023-01-01 12:46:54.352  INFO 2504 --- [main] o.s.b.a.w.s.WelcomePageHandlerMapping    : Adding welcome page template: index
2023-01-01 12:46:54.508  INFO 2504 --- [main] o.s.b.w.embedded.tomcat.TomcatWebServer  : Tomcat started on port(s): 80 (http) with context path ''
2023-01-01 12:46:54.515  INFO 2504 --- [main] c.example.SpringBootWebTestApplication   : Started SpringBootWebTestApplication in 1.902 seconds (JVM running for 3.701)
2023-01-01 12:55:23.486  INFO 15172 --- [main] c.example.SpringBootWebTestApplication   : Starting SpringBootWebTestApplication using Java 1.8.0_102 on LAPTOP-FLECIDD8 with PID 15172 (D:\JavaSE\SpringBoot\SpringBootWebTest\target\classes started by Èé≠Â£ì in D:\JavaSE\SpringBoot\SpringBootWebTest)
2023-01-01 12:55:23.488  INFO 15172 --- [main] c.example.SpringBootWebTestApplication   : The following 1 profile is active: "dev"
2023-01-01 12:55:24.302  INFO 15172 --- [main] o.s.b.w.embedded.tomcat.TomcatWebServer  : Tomcat initialized with port(s): 8080 (http)
2023-01-01 12:55:24.308  INFO 15172 --- [main] o.apache.catalina.core.StandardService   : Starting service [Tomcat]
2023-01-01 12:55:24.308  INFO 15172 --- [main] org.apache.catalina.core.StandardEngine  : Starting Servlet engine: [Apache Tomcat/9.0.70]
2023-01-01 12:55:24.411  INFO 15172 --- [main] o.a.c.c.C.[Tomcat].[localhost].[/]       : Initializing Spring embedded WebApplicationContext
2023-01-01 12:55:24.412  INFO 15172 --- [main] w.s.c.ServletWebServerApplicationContext : Root WebApplicationContext: initialization completed in 864 ms
2023-01-01 12:55:24.675  INFO 15172 --- [main] o.s.s.web.DefaultSecurityFilterChain     : Will secure any request with [org.springframework.security.web.session.DisableEncodeUrlFilter@13797f0, org.springframework.security.web.context.request.async.WebAsyncManagerIntegrationFilter@35c345, org.springframework.security.web.context.SecurityContextPersistenceFilter@530163, org.springframework.security.web.header.HeaderWriterFilter@806c8b, org.springframework.security.web.csrf.CsrfFilter@1b65013, org.springframework.security.web.authentication.logout.LogoutFilter@1303f12, org.springframework.security.web.authentication.UsernamePasswordAuthenticationFilter@4b6f47, org.springframework.security.web.savedrequest.RequestCacheAwareFilter@1466383, org.springframework.security.web.servletapi.SecurityContextHolderAwareRequestFilter@1706db8, org.springframework.security.web.authentication.rememberme.RememberMeAuthenticationFilter@d03652, org.springframework.security.web.authentication.AnonymousAuthenticationFilter@1681037, org.springframework.security.web.session.SessionManagementFilter@4fb68d, org.springframework.security.web.access.ExceptionTranslationFilter@ffd1de, org.springframework.security.web.access.intercept.AuthorizationFilter@b5afc7]
2023-01-01 12:55:24.805  INFO 15172 --- [main] o.s.b.a.w.s.WelcomePageHandlerMapping    : Adding welcome page template: index
2023-01-01 12:55:24.957  INFO 15172 --- [main] o.s.b.w.embedded.tomcat.TomcatWebServer  : Tomcat started on port(s): 8080 (http) with context path ''
2023-01-01 12:55:24.966  INFO 15172 --- [main] c.example.SpringBootWebTestApplication   : Started SpringBootWebTestApplication in 1.879 seconds (JVM running for 3.633)
2023-01-01 12:56:39.908  INFO 5356 --- [main] c.example.SpringBootWebTestApplication   : Starting SpringBootWebTestApplication using Java 1.8.0_102 on LAPTOP-FLECIDD8 with PID 5356 (D:\JavaSE\SpringBoot\SpringBootWebTest\target\classes started by Èé≠Â£ì in D:\JavaSE\SpringBoot\SpringBootWebTest)
2023-01-01 12:56:39.910  INFO 5356 --- [main] c.example.SpringBootWebTestApplication   : The following 1 profile is active: "prod"
2023-01-01 12:56:40.723  INFO 5356 --- [main] o.s.b.w.embedded.tomcat.TomcatWebServer  : Tomcat initialized with port(s): 80 (http)
2023-01-01 12:56:40.729  INFO 5356 --- [main] o.apache.catalina.core.StandardService   : Starting service [Tomcat]
2023-01-01 12:56:40.729  INFO 5356 --- [main] org.apache.catalina.core.StandardEngine  : Starting Servlet engine: [Apache Tomcat/9.0.70]
2023-01-01 12:56:40.843  INFO 5356 --- [main] o.a.c.c.C.[Tomcat].[localhost].[/]       : Initializing Spring embedded WebApplicationContext
2023-01-01 12:56:40.843  INFO 5356 --- [main] w.s.c.ServletWebServerApplicationContext : Root WebApplicationContext: initialization completed in 875 ms
2023-01-01 12:56:41.201  INFO 5356 --- [main] o.s.s.web.DefaultSecurityFilterChain     : Will secure any request with [org.springframework.security.web.session.DisableEncodeUrlFilter@edaf61, org.springframework.security.web.context.request.async.WebAsyncManagerIntegrationFilter@13797f0, org.springframework.security.web.context.SecurityContextPersistenceFilter@1d8cfe7, org.springframework.security.web.header.HeaderWriterFilter@9d3c67, org.springframework.security.web.csrf.CsrfFilter@1f0c2d1, org.springframework.security.web.authentication.logout.LogoutFilter@a149ed, org.springframework.security.web.authentication.UsernamePasswordAuthenticationFilter@1c8c0ea, org.springframework.security.web.savedrequest.RequestCacheAwareFilter@d8444b, org.springframework.security.web.servletapi.SecurityContextHolderAwareRequestFilter@bca971, org.springframework.security.web.authentication.rememberme.RememberMeAuthenticationFilter@1508f3c, org.springframework.security.web.authentication.AnonymousAuthenticationFilter@35c345, org.springframework.security.web.session.SessionManagementFilter@1fcffb5, org.springframework.security.web.access.ExceptionTranslationFilter@1a2ed35, org.springframework.security.web.access.intercept.AuthorizationFilter@ee0c23]
2023-01-01 12:56:41.326  INFO 5356 --- [main] o.s.b.a.w.s.WelcomePageHandlerMapping    : Adding welcome page template: index
2023-01-01 12:56:41.494  INFO 5356 --- [main] o.s.b.w.embedded.tomcat.TomcatWebServer  : Tomcat started on port(s): 80 (http) with context path ''
2023-01-01 12:56:41.503  INFO 5356 --- [main] c.example.SpringBootWebTestApplication   : Started SpringBootWebTestApplication in 2.12 seconds (JVM running for 3.897)
2023-01-01 13:00:40.705  INFO 15344 --- [main] c.e.SpringBootWebTestApplicationTests    : Starting SpringBootWebTestApplicationTests using Java 1.8.0_102 on LAPTOP-FLECIDD8 with PID 15344 (started by ÊÅâ∫ in D:\JavaSE\SpringBoot\SpringBootWebTest)
2023-01-01 13:00:40.705  INFO 15344 --- [main] c.e.SpringBootWebTestApplicationTests    : The following 1 profile is active: "prod"
2023-01-01 13:00:43.069  INFO 15344 --- [main] o.s.s.web.DefaultSecurityFilterChain     : Will secure any request with [org.springframework.security.web.session.DisableEncodeUrlFilter@1ee2fdb, org.springframework.security.web.context.request.async.WebAsyncManagerIntegrationFilter@2816a8, org.springframework.security.web.context.SecurityContextPersistenceFilter@7a1cfb, org.springframework.security.web.header.HeaderWriterFilter@12e46af, org.springframework.security.web.csrf.CsrfFilter@14f0dfb, org.springframework.security.web.authentication.logout.LogoutFilter@1f2dd85, org.springframework.security.web.authentication.UsernamePasswordAuthenticationFilter@273da0, org.springframework.security.web.savedrequest.RequestCacheAwareFilter@1d03d7, org.springframework.security.web.servletapi.SecurityContextHolderAwareRequestFilter@77ba8f, org.springframework.security.web.authentication.rememberme.RememberMeAuthenticationFilter@16860f9, org.springframework.security.web.authentication.AnonymousAuthenticationFilter@ffd53c, org.springframework.security.web.session.SessionManagementFilter@137f1f9, org.springframework.security.web.access.ExceptionTranslationFilter@1ba4e06, org.springframework.security.web.access.intercept.AuthorizationFilter@de46f6]
2023-01-01 13:00:43.501  INFO 15344 --- [main] o.s.b.a.w.s.WelcomePageHandlerMapping    : Adding welcome page template: index
2023-01-01 13:00:43.890  INFO 15344 --- [main] c.e.SpringBootWebTestApplicationTests    : Started SpringBootWebTestApplicationTests in 3.607 seconds (JVM running for 4.703)
2023-01-01 13:07:40.632  INFO 15272 --- [main] c.example.SpringBootWebTestApplication   : Starting SpringBootWebTestApplication using Java 1.8.0_102 on LAPTOP-FLECIDD8 with PID 15272 (D:\JavaSE\SpringBoot\SpringBootWebTest\target\classes started by Èé≠Â£ì in D:\JavaSE\SpringBoot\SpringBootWebTest)
2023-01-01 13:07:40.635  INFO 15272 --- [main] c.example.SpringBootWebTestApplication   : The following 1 profile is active: "dev"
2023-01-01 13:07:41.451  INFO 15272 --- [main] o.s.b.w.embedded.tomcat.TomcatWebServer  : Tomcat initialized with port(s): 8080 (http)
2023-01-01 13:07:41.458  INFO 15272 --- [main] o.apache.catalina.core.StandardService   : Starting service [Tomcat]
2023-01-01 13:07:41.458  INFO 15272 --- [main] org.apache.catalina.core.StandardEngine  : Starting Servlet engine: [Apache Tomcat/9.0.70]
2023-01-01 13:07:41.561  INFO 15272 --- [main] o.a.c.c.C.[Tomcat].[localhost].[/]       : Initializing Spring embedded WebApplicationContext
2023-01-01 13:07:41.561  INFO 15272 --- [main] w.s.c.ServletWebServerApplicationContext : Root WebApplicationContext: initialization completed in 866 ms
2023-01-01 13:07:41.809  INFO 15272 --- [main] o.s.s.web.DefaultSecurityFilterChain     : Will secure any request with [org.springframework.security.web.session.DisableEncodeUrlFilter@1f0b72e, org.springframework.security.web.context.request.async.WebAsyncManagerIntegrationFilter@34f66a, org.springframework.security.web.context.SecurityContextPersistenceFilter@9d3c67, org.springframework.security.web.header.HeaderWriterFilter@1a2ed35, org.springframework.security.web.csrf.CsrfFilter@11bf, org.springframework.security.web.authentication.logout.LogoutFilter@10fbbdb, org.springframework.security.web.authentication.UsernamePasswordAuthenticationFilter@5e389b, org.springframework.security.web.savedrequest.RequestCacheAwareFilter@1fcffb5, org.springframework.security.web.servletapi.SecurityContextHolderAwareRequestFilter@1466383, org.springframework.security.web.authentication.rememberme.RememberMeAuthenticationFilter@4b6f47, org.springframework.security.web.authentication.AnonymousAuthenticationFilter@1508f3c, org.springframework.security.web.session.SessionManagementFilter@1278b4d, org.springframework.security.web.access.ExceptionTranslationFilter@1437222, org.springframework.security.web.access.intercept.AuthorizationFilter@4e90f7]
2023-01-01 13:07:41.923  INFO 15272 --- [main] o.s.b.a.w.s.WelcomePageHandlerMapping    : Adding welcome page template: index
2023-01-01 13:07:42.079  INFO 15272 --- [main] o.s.b.w.embedded.tomcat.TomcatWebServer  : Tomcat started on port(s): 8080 (http) with context path ''
2023-01-01 13:07:42.087  INFO 15272 --- [main] c.example.SpringBootWebTestApplication   : Started SpringBootWebTestApplication in 1.882 seconds (JVM running for 3.674)
2023-01-01 13:11:38.260  INFO 156 --- [main] c.example.SpringBootWebTestApplication   : Starting SpringBootWebTestApplication using Java 1.8.0_102 on LAPTOP-FLECIDD8 with PID 156 (D:\JavaSE\SpringBoot\SpringBootWebTest\target\classes started by Èé≠Â£ì in D:\JavaSE\SpringBoot\SpringBootWebTest)
2023-01-01 13:11:38.262  INFO 156 --- [main] c.example.SpringBootWebTestApplication   : The following 1 profile is active: "prod"
2023-01-01 13:11:39.241  INFO 156 --- [main] o.s.b.w.embedded.tomcat.TomcatWebServer  : Tomcat initialized with port(s): 80 (http)
2023-01-01 13:11:39.248  INFO 156 --- [main] o.apache.catalina.core.StandardService   : Starting service [Tomcat]
2023-01-01 13:11:39.248  INFO 156 --- [main] org.apache.catalina.core.StandardEngine  : Starting Servlet engine: [Apache Tomcat/9.0.70]
2023-01-01 13:11:39.360  INFO 156 --- [main] o.a.c.c.C.[Tomcat].[localhost].[/]       : Initializing Spring embedded WebApplicationContext
2023-01-01 13:11:39.360  INFO 156 --- [main] w.s.c.ServletWebServerApplicationContext : Root WebApplicationContext: initialization completed in 1041 ms
2023-01-01 13:11:39.645  INFO 156 --- [main] o.s.s.web.DefaultSecurityFilterChain     : Will secure any request with [org.springframework.security.web.session.DisableEncodeUrlFilter@1f0b72e, org.springframework.security.web.context.request.async.WebAsyncManagerIntegrationFilter@34f66a, org.springframework.security.web.context.SecurityContextPersistenceFilter@9d3c67, org.springframework.security.web.header.HeaderWriterFilter@1a2ed35, org.springframework.security.web.csrf.CsrfFilter@11bf, org.springframework.security.web.authentication.logout.LogoutFilter@10fbbdb, org.springframework.security.web.authentication.UsernamePasswordAuthenticationFilter@5e389b, org.springframework.security.web.savedrequest.RequestCacheAwareFilter@1fcffb5, org.springframework.security.web.servletapi.SecurityContextHolderAwareRequestFilter@1466383, org.springframework.security.web.authentication.rememberme.RememberMeAuthenticationFilter@4b6f47, org.springframework.security.web.authentication.AnonymousAuthenticationFilter@1508f3c, org.springframework.security.web.session.SessionManagementFilter@1278b4d, org.springframework.security.web.access.ExceptionTranslationFilter@1437222, org.springframework.security.web.access.intercept.AuthorizationFilter@4e90f7]
2023-01-01 13:11:39.770  INFO 156 --- [main] o.s.b.a.w.s.WelcomePageHandlerMapping    : Adding welcome page template: index
2023-01-01 13:11:39.919  INFO 156 --- [main] o.s.b.w.embedded.tomcat.TomcatWebServer  : Tomcat started on port(s): 80 (http) with context path ''
2023-01-01 13:11:39.930  INFO 156 --- [main] c.example.SpringBootWebTestApplication   : Started SpringBootWebTestApplication in 2.069 seconds (JVM running for 3.713)
2023-01-01 13:12:17.005  INFO 2640 --- [main] c.e.SpringBootWebTestApplicationTests    : Starting SpringBootWebTestApplicationTests using Java 1.8.0_102 on LAPTOP-FLECIDD8 with PID 2640 (started by ÊÅâ∫ in D:\JavaSE\SpringBoot\SpringBootWebTest)
2023-01-01 13:12:17.006  INFO 2640 --- [main] c.e.SpringBootWebTestApplicationTests    : The following 1 profile is active: "prod"
2023-01-01 13:12:19.181  INFO 2640 --- [main] o.s.s.web.DefaultSecurityFilterChain     : Will secure any request with [org.springframework.security.web.session.DisableEncodeUrlFilter@bbacfc, org.springframework.security.web.context.request.async.WebAsyncManagerIntegrationFilter@1b97f47, org.springframework.security.web.context.SecurityContextPersistenceFilter@273da0, org.springframework.security.web.header.HeaderWriterFilter@1353d99, org.springframework.security.web.csrf.CsrfFilter@1d03d7, org.springframework.security.web.authentication.logout.LogoutFilter@12dc8c4, org.springframework.security.web.authentication.UsernamePasswordAuthenticationFilter@227a47, org.springframework.security.web.savedrequest.RequestCacheAwareFilter@29a2b7, org.springframework.security.web.servletapi.SecurityContextHolderAwareRequestFilter@16860f9, org.springframework.security.web.authentication.rememberme.RememberMeAuthenticationFilter@1056e5, org.springframework.security.web.authentication.AnonymousAuthenticationFilter@15eaa6b, org.springframework.security.web.session.SessionManagementFilter@143409a, org.springframework.security.web.access.ExceptionTranslationFilter@a736d7, org.springframework.security.web.access.intercept.AuthorizationFilter@f46fa6]
2023-01-01 13:12:19.530  INFO 2640 --- [main] o.s.b.a.w.s.WelcomePageHandlerMapping    : Adding welcome page template: index
2023-01-01 13:12:19.820  INFO 2640 --- [main] c.e.SpringBootWebTestApplicationTests    : Started SpringBootWebTestApplicationTests in 3.16 seconds (JVM running for 3.934)
2023-01-01 13:17:17.904  INFO 12344 --- [main] c.e.SpringBootWebTestApplicationTests    : Starting SpringBootWebTestApplicationTests using Java 1.8.0_102 on LAPTOP-FLECIDD8 with PID 12344 (started by ÊÅâ∫ in D:\JavaSE\SpringBoot\SpringBootWebTest)
2023-01-01 13:17:17.906  INFO 12344 --- [main] c.e.SpringBootWebTestApplicationTests    : The following 1 profile is active: "prod"
2023-01-01 13:17:20.016  INFO 12344 --- [main] o.s.s.web.DefaultSecurityFilterChain     : Will secure any request with [org.springframework.security.web.session.DisableEncodeUrlFilter@1ee2fdb, org.springframework.security.web.context.request.async.WebAsyncManagerIntegrationFilter@2816a8, org.springframework.security.web.context.SecurityContextPersistenceFilter@7a1cfb, org.springframework.security.web.header.HeaderWriterFilter@12e46af, org.springframework.security.web.csrf.CsrfFilter@14f0dfb, org.springframework.security.web.authentication.logout.LogoutFilter@1f2dd85, org.springframework.security.web.authentication.UsernamePasswordAuthenticationFilter@273da0, org.springframework.security.web.savedrequest.RequestCacheAwareFilter@1d03d7, org.springframework.security.web.servletapi.SecurityContextHolderAwareRequestFilter@77ba8f, org.springframework.security.web.authentication.rememberme.RememberMeAuthenticationFilter@16860f9, org.springframework.security.web.authentication.AnonymousAuthenticationFilter@ffd53c, org.springframework.security.web.session.SessionManagementFilter@137f1f9, org.springframework.security.web.access.ExceptionTranslationFilter@1ba4e06, org.springframework.security.web.access.intercept.AuthorizationFilter@de46f6]
2023-01-01 13:17:20.373  INFO 12344 --- [main] o.s.b.a.w.s.WelcomePageHandlerMapping    : Adding welcome page template: index
2023-01-01 13:17:20.647  INFO 12344 --- [main] c.e.SpringBootWebTestApplicationTests    : Started SpringBootWebTestApplicationTests in 3.078 seconds (JVM running for 3.81)
2023-01-01 13:18:49.752  INFO 14904 --- [main] c.example.SpringBootWebTestApplication   : Starting SpringBootWebTestApplication using Java 1.8.0_102 on LAPTOP-FLECIDD8 with PID 14904 (D:\JavaSE\SpringBoot\SpringBootWebTest\target\classes started by Èé≠Â£ì in D:\JavaSE\SpringBoot\SpringBootWebTest)
2023-01-01 13:18:49.754  INFO 14904 --- [main] c.example.SpringBootWebTestApplication   : The following 1 profile is active: "prod"
2023-01-01 13:18:50.518  INFO 14904 --- [main] o.s.b.w.embedded.tomcat.TomcatWebServer  : Tomcat initialized with port(s): 80 (http)
2023-01-01 13:18:50.526  INFO 14904 --- [main] o.apache.catalina.core.StandardService   : Starting service [Tomcat]
2023-01-01 13:18:50.526  INFO 14904 --- [main] org.apache.catalina.core.StandardEngine  : Starting Servlet engine: [Apache Tomcat/9.0.70]
2023-01-01 13:18:50.636  INFO 14904 --- [main] o.a.c.c.C.[Tomcat].[localhost].[/]       : Initializing Spring embedded WebApplicationContext
2023-01-01 13:18:50.636  INFO 14904 --- [main] w.s.c.ServletWebServerApplicationContext : Root WebApplicationContext: initialization completed in 827 ms
2023-01-01 13:18:50.887  INFO 14904 --- [main] o.s.s.web.DefaultSecurityFilterChain     : Will secure any request with [org.springframework.security.web.session.DisableEncodeUrlFilter@1681037, org.springframework.security.web.context.request.async.WebAsyncManagerIntegrationFilter@59319c, org.springframework.security.web.context.SecurityContextPersistenceFilter@1466383, org.springframework.security.web.header.HeaderWriterFilter@4fb68d, org.springframework.security.web.csrf.CsrfFilter@1bcfe81, org.springframework.security.web.authentication.logout.LogoutFilter@4e90f7, org.springframework.security.web.authentication.UsernamePasswordAuthenticationFilter@1f0b72e, org.springframework.security.web.savedrequest.RequestCacheAwareFilter@88741b, org.springframework.security.web.servletapi.SecurityContextHolderAwareRequestFilter@9fed45, org.springframework.security.web.authentication.rememberme.RememberMeAuthenticationFilter@13797f0, org.springframework.security.web.authentication.AnonymousAuthenticationFilter@1faaaf0, org.springframework.security.web.session.SessionManagementFilter@530163, org.springframework.security.web.access.ExceptionTranslationFilter@96aa05, org.springframework.security.web.access.intercept.AuthorizationFilter@4b6f47]
2023-01-01 13:18:51.000  INFO 14904 --- [main] o.s.b.a.w.s.WelcomePageHandlerMapping    : Adding welcome page template: index
2023-01-01 13:18:51.142  INFO 14904 --- [main] o.s.b.w.embedded.tomcat.TomcatWebServer  : Tomcat started on port(s): 80 (http) with context path ''
2023-01-01 13:18:51.148  INFO 14904 --- [main] c.example.SpringBootWebTestApplication   : Started SpringBootWebTestApplication in 1.791 seconds (JVM running for 3.379)
2023-01-01 13:19:11.951  INFO 12720 --- [main] c.e.SpringBootWebTestApplicationTests    : Starting SpringBootWebTestApplicationTests using Java 1.8.0_102 on LAPTOP-FLECIDD8 with PID 12720 (started by ÊÅâ∫ in D:\JavaSE\SpringBoot\SpringBootWebTest)
2023-01-01 13:19:11.952  INFO 12720 --- [main] c.e.SpringBootWebTestApplicationTests    : The following 1 profile is active: "prod"
2023-01-01 13:19:14.120  INFO 12720 --- [main] o.s.s.web.DefaultSecurityFilterChain     : Will secure any request with [org.springframework.security.web.session.DisableEncodeUrlFilter@1ee2fdb, org.springframework.security.web.context.request.async.WebAsyncManagerIntegrationFilter@2816a8, org.springframework.security.web.context.SecurityContextPersistenceFilter@7a1cfb, org.springframework.security.web.header.HeaderWriterFilter@12e46af, org.springframework.security.web.csrf.CsrfFilter@14f0dfb, org.springframework.security.web.authentication.logout.LogoutFilter@1f2dd85, org.springframework.security.web.authentication.UsernamePasswordAuthenticationFilter@273da0, org.springframework.security.web.savedrequest.RequestCacheAwareFilter@1d03d7, org.springframework.security.web.servletapi.SecurityContextHolderAwareRequestFilter@77ba8f, org.springframework.security.web.authentication.rememberme.RememberMeAuthenticationFilter@16860f9, org.springframework.security.web.authentication.AnonymousAuthenticationFilter@ffd53c, org.springframework.security.web.session.SessionManagementFilter@137f1f9, org.springframework.security.web.access.ExceptionTranslationFilter@1ba4e06, org.springframework.security.web.access.intercept.AuthorizationFilter@de46f6]
2023-01-01 13:19:14.481  INFO 12720 --- [main] o.s.b.a.w.s.WelcomePageHandlerMapping    : Adding welcome page template: index
2023-01-01 13:19:14.768  INFO 12720 --- [main] c.e.SpringBootWebTestApplicationTests    : Started SpringBootWebTestApplicationTests in 3.176 seconds (JVM running for 3.909)
