2023-01-02 10:32:20.742  INFO 14972 --- [main] c.example.SpringBootWebTestApplication   : Starting SpringBootWebTestApplication using Java 1.8.0_102 on LAPTOP-FLECIDD8 with PID 14972 (D:\JavaSE\SpringBoot\SpringBootWebTest\target\classes started by 鎭壓 in D:\JavaSE\SpringBoot\SpringBootWebTest)
2023-01-02 10:32:20.745  INFO 14972 --- [main] c.example.SpringBootWebTestApplication   : The following 1 profile is active: "prod"
2023-01-02 10:32:21.585  INFO 14972 --- [main] o.s.b.w.embedded.tomcat.TomcatWebServer  : Tomcat initialized with port(s): 80 (http)
2023-01-02 10:32:21.594  INFO 14972 --- [main] o.apache.catalina.core.StandardService   : Starting service [Tomcat]
2023-01-02 10:32:21.594  INFO 14972 --- [main] org.apache.catalina.core.StandardEngine  : Starting Servlet engine: [Apache Tomcat/9.0.70]
2023-01-02 10:32:21.703  INFO 14972 --- [main] o.a.c.c.C.[Tomcat].[localhost].[/]       : Initializing Spring embedded WebApplicationContext
2023-01-02 10:32:21.703  INFO 14972 --- [main] w.s.c.ServletWebServerApplicationContext : Root WebApplicationContext: initialization completed in 901 ms
2023-01-02 10:32:21.996  INFO 14972 --- [main] o.s.s.web.DefaultSecurityFilterChain     : Will secure any request with [org.springframework.security.web.session.DisableEncodeUrlFilter@108fdce, org.springframework.security.web.context.request.async.WebAsyncManagerIntegrationFilter@1da1d19, org.springframework.security.web.context.SecurityContextPersistenceFilter@db0521, org.springframework.security.web.header.HeaderWriterFilter@10a94ce, org.springframework.security.web.csrf.CsrfFilter@6eab5d, org.springframework.security.web.authentication.logout.LogoutFilter@1ac5eb4, org.springframework.security.web.authentication.UsernamePasswordAuthenticationFilter@7f4980, org.springframework.security.web.savedrequest.RequestCacheAwareFilter@f1a1b9, org.springframework.security.web.servletapi.SecurityContextHolderAwareRequestFilter@1e3a9ce, org.springframework.security.web.authentication.rememberme.RememberMeAuthenticationFilter@1d680e6, org.springframework.security.web.authentication.AnonymousAuthenticationFilter@c86134, org.springframework.security.web.session.SessionManagementFilter@10fc838, org.springframework.security.web.access.ExceptionTranslationFilter@1fc6a5e, org.springframework.security.web.access.intercept.AuthorizationFilter@685eba]
2023-01-02 10:32:22.120  INFO 14972 --- [main] o.s.b.a.w.s.WelcomePageHandlerMapping    : Adding welcome page template: index
2023-01-02 10:32:22.283  INFO 14972 --- [main] o.s.b.w.embedded.tomcat.TomcatWebServer  : Tomcat started on port(s): 80 (http) with context path ''
2023-01-02 10:32:22.291  INFO 14972 --- [main] c.example.SpringBootWebTestApplication   : Started SpringBootWebTestApplication in 1.943 seconds (JVM running for 3.503)
2023-01-02 10:36:38.611  INFO 8576 --- [main] c.example.SpringBootWebTestApplication   : Starting SpringBootWebTestApplication using Java 1.8.0_102 on LAPTOP-FLECIDD8 with PID 8576 (D:\JavaSE\SpringBoot\SpringBootWebTest\target\classes started by 鎭壓 in D:\JavaSE\SpringBoot\SpringBootWebTest)
2023-01-02 10:36:38.612  INFO 8576 --- [main] c.example.SpringBootWebTestApplication   : The following 1 profile is active: "prod"
2023-01-02 10:36:39.515  INFO 8576 --- [main] o.s.b.w.embedded.tomcat.TomcatWebServer  : Tomcat initialized with port(s): 80 (http)
2023-01-02 10:36:39.521  INFO 8576 --- [main] o.apache.catalina.core.StandardService   : Starting service [Tomcat]
2023-01-02 10:36:39.521  INFO 8576 --- [main] org.apache.catalina.core.StandardEngine  : Starting Servlet engine: [Apache Tomcat/9.0.70]
2023-01-02 10:36:39.625  INFO 8576 --- [main] o.a.c.c.C.[Tomcat].[localhost].[/]       : Initializing Spring embedded WebApplicationContext
2023-01-02 10:36:39.625  INFO 8576 --- [main] w.s.c.ServletWebServerApplicationContext : Root WebApplicationContext: initialization completed in 925 ms
2023-01-02 10:36:39.880  INFO 8576 --- [main] o.s.s.web.DefaultSecurityFilterChain     : Will secure any request with [org.springframework.security.web.session.DisableEncodeUrlFilter@1522537, org.springframework.security.web.context.request.async.WebAsyncManagerIntegrationFilter@9dc4d0, org.springframework.security.web.context.SecurityContextPersistenceFilter@1d06bbd, org.springframework.security.web.header.HeaderWriterFilter@1025d1d, org.springframework.security.web.csrf.CsrfFilter@19f71ff, org.springframework.security.web.authentication.logout.LogoutFilter@fc5554, org.springframework.security.web.authentication.UsernamePasswordAuthenticationFilter@2fb9dd, org.springframework.security.web.savedrequest.RequestCacheAwareFilter@1b51241, org.springframework.security.web.servletapi.SecurityContextHolderAwareRequestFilter@fedc6f, org.springframework.security.web.authentication.rememberme.RememberMeAuthenticationFilter@77a1ca, org.springframework.security.web.authentication.AnonymousAuthenticationFilter@10d4d38, org.springframework.security.web.session.SessionManagementFilter@1e2ad91, org.springframework.security.web.access.ExceptionTranslationFilter@1b455e5, org.springframework.security.web.access.intercept.AuthorizationFilter@11f1ff5]
2023-01-02 10:36:40.001  INFO 8576 --- [main] o.s.b.a.w.s.WelcomePageHandlerMapping    : Adding welcome page template: index
2023-01-02 10:36:40.155  INFO 8576 --- [main] o.s.b.w.embedded.tomcat.TomcatWebServer  : Tomcat started on port(s): 80 (http) with context path ''
2023-01-02 10:36:40.163  INFO 8576 --- [main] c.example.SpringBootWebTestApplication   : Started SpringBootWebTestApplication in 1.915 seconds (JVM running for 3.432)
2023-01-02 19:47:43.386  INFO 5436 --- [main] c.example.SpringBootWebTestApplication   : Starting SpringBootWebTestApplication using Java 1.8.0_102 on LAPTOP-FLECIDD8 with PID 5436 (D:\JavaSE\SpringBoot\SpringBootWebTest\target\classes started by 鎭壓 in D:\JavaSE\SpringBoot\SpringBootWebTest)
2023-01-02 19:47:43.387  INFO 5436 --- [main] c.example.SpringBootWebTestApplication   : The following 1 profile is active: "prod"
2023-01-02 19:47:44.302  INFO 5436 --- [main] o.s.b.w.embedded.tomcat.TomcatWebServer  : Tomcat initialized with port(s): 80 (http)
2023-01-02 19:47:44.309  INFO 5436 --- [main] o.apache.catalina.core.StandardService   : Starting service [Tomcat]
2023-01-02 19:47:44.310  INFO 5436 --- [main] org.apache.catalina.core.StandardEngine  : Starting Servlet engine: [Apache Tomcat/9.0.70]
2023-01-02 19:47:44.444  INFO 5436 --- [main] o.a.c.c.C.[Tomcat].[localhost].[/]       : Initializing Spring embedded WebApplicationContext
2023-01-02 19:47:44.444  INFO 5436 --- [main] w.s.c.ServletWebServerApplicationContext : Root WebApplicationContext: initialization completed in 1000 ms
2023-01-02 19:47:44.747  INFO 5436 --- [main] o.s.s.web.DefaultSecurityFilterChain     : Will secure any request with [org.springframework.security.web.session.DisableEncodeUrlFilter@18bfd6c, org.springframework.security.web.context.request.async.WebAsyncManagerIntegrationFilter@f1695a, org.springframework.security.web.context.SecurityContextPersistenceFilter@9dc4d0, org.springframework.security.web.header.HeaderWriterFilter@1cd49a4, org.springframework.security.web.csrf.CsrfFilter@1e7f967, org.springframework.security.web.authentication.logout.LogoutFilter@8cd36b, org.springframework.security.web.authentication.UsernamePasswordAuthenticationFilter@1da7ab0, org.springframework.security.web.savedrequest.RequestCacheAwareFilter@11ff6fa, org.springframework.security.web.servletapi.SecurityContextHolderAwareRequestFilter@184b4f4, org.springframework.security.web.authentication.rememberme.RememberMeAuthenticationFilter@e7c8c3, org.springframework.security.web.authentication.AnonymousAuthenticationFilter@860997, org.springframework.security.web.session.SessionManagementFilter@e9d1e2, org.springframework.security.web.access.ExceptionTranslationFilter@2fb9dd, org.springframework.security.web.access.intercept.AuthorizationFilter@f518a]
2023-01-02 19:47:44.874  INFO 5436 --- [main] o.s.b.a.w.s.WelcomePageHandlerMapping    : Adding welcome page template: index
2023-01-02 19:47:45.055  INFO 5436 --- [main] o.s.b.w.embedded.tomcat.TomcatWebServer  : Tomcat started on port(s): 80 (http) with context path ''
2023-01-02 19:47:45.063  INFO 5436 --- [main] c.example.SpringBootWebTestApplication   : Started SpringBootWebTestApplication in 2.095 seconds (JVM running for 3.717)
